ARM GAS  Build/stm32l4xx_hal_spi_ex.s 			page 1


   1              		.cpu cortex-m3
   2              		.arch armv7-m
   3              		.fpu softvfp
   4              		.eabi_attribute 20, 1
   5              		.eabi_attribute 21, 1
   6              		.eabi_attribute 23, 3
   7              		.eabi_attribute 24, 1
   8              		.eabi_attribute 25, 1
   9              		.eabi_attribute 26, 1
  10              		.eabi_attribute 30, 1
  11              		.eabi_attribute 34, 1
  12              		.eabi_attribute 18, 4
  13              		.file	"stm32l4xx_hal_spi_ex.c"
  14              		.text
  15              	.Ltext0:
  16              		.cfi_sections	.debug_frame
  17              		.file 1 "../Drivers/STM32L4xx_HAL_Driver/Src/stm32l4xx_hal_spi_ex.c"
  18              		.section	.text.HAL_SPIEx_FlushRxFifo,"ax",%progbits
  19              		.align	1
  20              		.global	HAL_SPIEx_FlushRxFifo
  21              		.syntax unified
  22              		.thumb
  23              		.thumb_func
  25              	HAL_SPIEx_FlushRxFifo:
  26              	.LVL0:
  27              	.LFB74:
   1:../Drivers/STM32L4xx_HAL_Driver/Src/stm32l4xx_hal_spi_ex.c **** /**
   2:../Drivers/STM32L4xx_HAL_Driver/Src/stm32l4xx_hal_spi_ex.c ****   ******************************************************************************
   3:../Drivers/STM32L4xx_HAL_Driver/Src/stm32l4xx_hal_spi_ex.c ****   * @file    stm32l4xx_hal_spi_ex.c
   4:../Drivers/STM32L4xx_HAL_Driver/Src/stm32l4xx_hal_spi_ex.c ****   * @author  MCD Application Team
   5:../Drivers/STM32L4xx_HAL_Driver/Src/stm32l4xx_hal_spi_ex.c ****   * @brief   Extended SPI HAL module driver.
   6:../Drivers/STM32L4xx_HAL_Driver/Src/stm32l4xx_hal_spi_ex.c ****   *          This file provides firmware functions to manage the following
   7:../Drivers/STM32L4xx_HAL_Driver/Src/stm32l4xx_hal_spi_ex.c ****   *          SPI peripheral extended functionalities :
   8:../Drivers/STM32L4xx_HAL_Driver/Src/stm32l4xx_hal_spi_ex.c ****   *           + IO operation functions
   9:../Drivers/STM32L4xx_HAL_Driver/Src/stm32l4xx_hal_spi_ex.c ****   *
  10:../Drivers/STM32L4xx_HAL_Driver/Src/stm32l4xx_hal_spi_ex.c ****   ******************************************************************************
  11:../Drivers/STM32L4xx_HAL_Driver/Src/stm32l4xx_hal_spi_ex.c ****   * @attention
  12:../Drivers/STM32L4xx_HAL_Driver/Src/stm32l4xx_hal_spi_ex.c ****   *
  13:../Drivers/STM32L4xx_HAL_Driver/Src/stm32l4xx_hal_spi_ex.c ****   * Copyright (c) 2017 STMicroelectronics.
  14:../Drivers/STM32L4xx_HAL_Driver/Src/stm32l4xx_hal_spi_ex.c ****   * All rights reserved.
  15:../Drivers/STM32L4xx_HAL_Driver/Src/stm32l4xx_hal_spi_ex.c ****   *
  16:../Drivers/STM32L4xx_HAL_Driver/Src/stm32l4xx_hal_spi_ex.c ****   * This software is licensed under terms that can be found in the LICENSE file
  17:../Drivers/STM32L4xx_HAL_Driver/Src/stm32l4xx_hal_spi_ex.c ****   * in the root directory of this software component.
  18:../Drivers/STM32L4xx_HAL_Driver/Src/stm32l4xx_hal_spi_ex.c ****   * If no LICENSE file comes with this software, it is provided AS-IS.
  19:../Drivers/STM32L4xx_HAL_Driver/Src/stm32l4xx_hal_spi_ex.c ****   *
  20:../Drivers/STM32L4xx_HAL_Driver/Src/stm32l4xx_hal_spi_ex.c ****   ******************************************************************************
  21:../Drivers/STM32L4xx_HAL_Driver/Src/stm32l4xx_hal_spi_ex.c ****   */
  22:../Drivers/STM32L4xx_HAL_Driver/Src/stm32l4xx_hal_spi_ex.c **** 
  23:../Drivers/STM32L4xx_HAL_Driver/Src/stm32l4xx_hal_spi_ex.c **** /* Includes ------------------------------------------------------------------*/
  24:../Drivers/STM32L4xx_HAL_Driver/Src/stm32l4xx_hal_spi_ex.c **** #include "stm32l4xx_hal.h"
  25:../Drivers/STM32L4xx_HAL_Driver/Src/stm32l4xx_hal_spi_ex.c **** 
  26:../Drivers/STM32L4xx_HAL_Driver/Src/stm32l4xx_hal_spi_ex.c **** /** @addtogroup STM32L4xx_HAL_Driver
  27:../Drivers/STM32L4xx_HAL_Driver/Src/stm32l4xx_hal_spi_ex.c ****   * @{
  28:../Drivers/STM32L4xx_HAL_Driver/Src/stm32l4xx_hal_spi_ex.c ****   */
  29:../Drivers/STM32L4xx_HAL_Driver/Src/stm32l4xx_hal_spi_ex.c **** 
  30:../Drivers/STM32L4xx_HAL_Driver/Src/stm32l4xx_hal_spi_ex.c **** /** @defgroup SPIEx SPIEx
  31:../Drivers/STM32L4xx_HAL_Driver/Src/stm32l4xx_hal_spi_ex.c ****   * @brief SPI Extended HAL module driver
ARM GAS  Build/stm32l4xx_hal_spi_ex.s 			page 2


  32:../Drivers/STM32L4xx_HAL_Driver/Src/stm32l4xx_hal_spi_ex.c ****   * @{
  33:../Drivers/STM32L4xx_HAL_Driver/Src/stm32l4xx_hal_spi_ex.c ****   */
  34:../Drivers/STM32L4xx_HAL_Driver/Src/stm32l4xx_hal_spi_ex.c **** #ifdef HAL_SPI_MODULE_ENABLED
  35:../Drivers/STM32L4xx_HAL_Driver/Src/stm32l4xx_hal_spi_ex.c **** 
  36:../Drivers/STM32L4xx_HAL_Driver/Src/stm32l4xx_hal_spi_ex.c **** /* Private typedef -----------------------------------------------------------*/
  37:../Drivers/STM32L4xx_HAL_Driver/Src/stm32l4xx_hal_spi_ex.c **** /* Private defines -----------------------------------------------------------*/
  38:../Drivers/STM32L4xx_HAL_Driver/Src/stm32l4xx_hal_spi_ex.c **** /** @defgroup SPIEx_Private_Constants SPIEx Private Constants
  39:../Drivers/STM32L4xx_HAL_Driver/Src/stm32l4xx_hal_spi_ex.c ****   * @{
  40:../Drivers/STM32L4xx_HAL_Driver/Src/stm32l4xx_hal_spi_ex.c ****   */
  41:../Drivers/STM32L4xx_HAL_Driver/Src/stm32l4xx_hal_spi_ex.c **** #define SPI_FIFO_SIZE       4UL
  42:../Drivers/STM32L4xx_HAL_Driver/Src/stm32l4xx_hal_spi_ex.c **** /**
  43:../Drivers/STM32L4xx_HAL_Driver/Src/stm32l4xx_hal_spi_ex.c ****   * @}
  44:../Drivers/STM32L4xx_HAL_Driver/Src/stm32l4xx_hal_spi_ex.c ****   */
  45:../Drivers/STM32L4xx_HAL_Driver/Src/stm32l4xx_hal_spi_ex.c **** 
  46:../Drivers/STM32L4xx_HAL_Driver/Src/stm32l4xx_hal_spi_ex.c **** /* Private macros ------------------------------------------------------------*/
  47:../Drivers/STM32L4xx_HAL_Driver/Src/stm32l4xx_hal_spi_ex.c **** /* Private variables ---------------------------------------------------------*/
  48:../Drivers/STM32L4xx_HAL_Driver/Src/stm32l4xx_hal_spi_ex.c **** /* Private function prototypes -----------------------------------------------*/
  49:../Drivers/STM32L4xx_HAL_Driver/Src/stm32l4xx_hal_spi_ex.c **** /* Exported functions --------------------------------------------------------*/
  50:../Drivers/STM32L4xx_HAL_Driver/Src/stm32l4xx_hal_spi_ex.c **** 
  51:../Drivers/STM32L4xx_HAL_Driver/Src/stm32l4xx_hal_spi_ex.c **** /** @defgroup SPIEx_Exported_Functions SPIEx Exported Functions
  52:../Drivers/STM32L4xx_HAL_Driver/Src/stm32l4xx_hal_spi_ex.c ****   * @{
  53:../Drivers/STM32L4xx_HAL_Driver/Src/stm32l4xx_hal_spi_ex.c ****   */
  54:../Drivers/STM32L4xx_HAL_Driver/Src/stm32l4xx_hal_spi_ex.c **** 
  55:../Drivers/STM32L4xx_HAL_Driver/Src/stm32l4xx_hal_spi_ex.c **** /** @defgroup SPIEx_Exported_Functions_Group1 IO operation functions
  56:../Drivers/STM32L4xx_HAL_Driver/Src/stm32l4xx_hal_spi_ex.c ****   *  @brief   Data transfers functions
  57:../Drivers/STM32L4xx_HAL_Driver/Src/stm32l4xx_hal_spi_ex.c ****   *
  58:../Drivers/STM32L4xx_HAL_Driver/Src/stm32l4xx_hal_spi_ex.c **** @verbatim
  59:../Drivers/STM32L4xx_HAL_Driver/Src/stm32l4xx_hal_spi_ex.c ****   ==============================================================================
  60:../Drivers/STM32L4xx_HAL_Driver/Src/stm32l4xx_hal_spi_ex.c ****                       ##### IO operation functions #####
  61:../Drivers/STM32L4xx_HAL_Driver/Src/stm32l4xx_hal_spi_ex.c ****  ===============================================================================
  62:../Drivers/STM32L4xx_HAL_Driver/Src/stm32l4xx_hal_spi_ex.c ****  [..]
  63:../Drivers/STM32L4xx_HAL_Driver/Src/stm32l4xx_hal_spi_ex.c ****     This subsection provides a set of extended functions to manage the SPI
  64:../Drivers/STM32L4xx_HAL_Driver/Src/stm32l4xx_hal_spi_ex.c ****     data transfers.
  65:../Drivers/STM32L4xx_HAL_Driver/Src/stm32l4xx_hal_spi_ex.c **** 
  66:../Drivers/STM32L4xx_HAL_Driver/Src/stm32l4xx_hal_spi_ex.c ****     (#) Rx data flush function:
  67:../Drivers/STM32L4xx_HAL_Driver/Src/stm32l4xx_hal_spi_ex.c ****         (++) HAL_SPIEx_FlushRxFifo()
  68:../Drivers/STM32L4xx_HAL_Driver/Src/stm32l4xx_hal_spi_ex.c **** 
  69:../Drivers/STM32L4xx_HAL_Driver/Src/stm32l4xx_hal_spi_ex.c **** @endverbatim
  70:../Drivers/STM32L4xx_HAL_Driver/Src/stm32l4xx_hal_spi_ex.c ****   * @{
  71:../Drivers/STM32L4xx_HAL_Driver/Src/stm32l4xx_hal_spi_ex.c ****   */
  72:../Drivers/STM32L4xx_HAL_Driver/Src/stm32l4xx_hal_spi_ex.c **** 
  73:../Drivers/STM32L4xx_HAL_Driver/Src/stm32l4xx_hal_spi_ex.c **** /**
  74:../Drivers/STM32L4xx_HAL_Driver/Src/stm32l4xx_hal_spi_ex.c ****   * @brief  Flush the RX fifo.
  75:../Drivers/STM32L4xx_HAL_Driver/Src/stm32l4xx_hal_spi_ex.c ****   * @param  hspi pointer to a SPI_HandleTypeDef structure that contains
  76:../Drivers/STM32L4xx_HAL_Driver/Src/stm32l4xx_hal_spi_ex.c ****   *               the configuration information for the specified SPI module.
  77:../Drivers/STM32L4xx_HAL_Driver/Src/stm32l4xx_hal_spi_ex.c ****   * @retval HAL status
  78:../Drivers/STM32L4xx_HAL_Driver/Src/stm32l4xx_hal_spi_ex.c ****   */
  79:../Drivers/STM32L4xx_HAL_Driver/Src/stm32l4xx_hal_spi_ex.c **** HAL_StatusTypeDef HAL_SPIEx_FlushRxFifo(const SPI_HandleTypeDef *hspi)
  80:../Drivers/STM32L4xx_HAL_Driver/Src/stm32l4xx_hal_spi_ex.c **** {
  28              		.loc 1 80 1 view -0
  29              		.cfi_startproc
  30              		@ args = 0, pretend = 0, frame = 8
  31              		@ frame_needed = 0, uses_anonymous_args = 0
  32              		@ link register save eliminated.
  81:../Drivers/STM32L4xx_HAL_Driver/Src/stm32l4xx_hal_spi_ex.c ****   __IO uint32_t tmpreg;
  33              		.loc 1 81 3 view .LVU1
  82:../Drivers/STM32L4xx_HAL_Driver/Src/stm32l4xx_hal_spi_ex.c ****   uint8_t  count = 0U;
ARM GAS  Build/stm32l4xx_hal_spi_ex.s 			page 3


  34              		.loc 1 82 3 view .LVU2
  83:../Drivers/STM32L4xx_HAL_Driver/Src/stm32l4xx_hal_spi_ex.c ****   while ((hspi->Instance->SR & SPI_FLAG_FRLVL) !=  SPI_FRLVL_EMPTY)
  35              		.loc 1 83 3 view .LVU3
  82:../Drivers/STM32L4xx_HAL_Driver/Src/stm32l4xx_hal_spi_ex.c ****   uint8_t  count = 0U;
  36              		.loc 1 82 12 is_stmt 0 view .LVU4
  37 0000 0023     		movs	r3, #0
  38              	.LVL1:
  39              		.loc 1 83 48 is_stmt 1 view .LVU5
  40              		.loc 1 83 15 is_stmt 0 view .LVU6
  41 0002 0268     		ldr	r2, [r0]
  42              		.loc 1 83 25 view .LVU7
  43 0004 9168     		ldr	r1, [r2, #8]
  44              		.loc 1 83 48 view .LVU8
  45 0006 11F4C06F 		tst	r1, #1536
  46 000a 12D0     		beq	.L10
  80:../Drivers/STM32L4xx_HAL_Driver/Src/stm32l4xx_hal_spi_ex.c ****   __IO uint32_t tmpreg;
  47              		.loc 1 80 1 view .LVU9
  48 000c 82B0     		sub	sp, sp, #8
  49              	.LCFI0:
  50              		.cfi_def_cfa_offset 8
  51 000e 04E0     		b	.L4
  52              	.L12:
  53              		.loc 1 83 48 is_stmt 1 view .LVU10
  54              		.loc 1 83 15 is_stmt 0 view .LVU11
  55 0010 0268     		ldr	r2, [r0]
  56              		.loc 1 83 25 view .LVU12
  57 0012 9168     		ldr	r1, [r2, #8]
  58              		.loc 1 83 48 view .LVU13
  59 0014 11F4C06F 		tst	r1, #1536
  60 0018 09D0     		beq	.L11
  61              	.L4:
  84:../Drivers/STM32L4xx_HAL_Driver/Src/stm32l4xx_hal_spi_ex.c ****   {
  85:../Drivers/STM32L4xx_HAL_Driver/Src/stm32l4xx_hal_spi_ex.c ****     count++;
  62              		.loc 1 85 5 is_stmt 1 view .LVU14
  63              		.loc 1 85 10 is_stmt 0 view .LVU15
  64 001a 0133     		adds	r3, r3, #1
  65              	.LVL2:
  66              		.loc 1 85 10 view .LVU16
  67 001c DBB2     		uxtb	r3, r3
  68              	.LVL3:
  86:../Drivers/STM32L4xx_HAL_Driver/Src/stm32l4xx_hal_spi_ex.c ****     tmpreg = hspi->Instance->DR;
  69              		.loc 1 86 5 is_stmt 1 view .LVU17
  70              		.loc 1 86 28 is_stmt 0 view .LVU18
  71 001e D268     		ldr	r2, [r2, #12]
  72              		.loc 1 86 12 view .LVU19
  73 0020 0192     		str	r2, [sp, #4]
  87:../Drivers/STM32L4xx_HAL_Driver/Src/stm32l4xx_hal_spi_ex.c ****     UNUSED(tmpreg); /* To avoid GCC warning */
  74              		.loc 1 87 5 is_stmt 1 view .LVU20
  75 0022 019A     		ldr	r2, [sp, #4]
  88:../Drivers/STM32L4xx_HAL_Driver/Src/stm32l4xx_hal_spi_ex.c ****     if (count == SPI_FIFO_SIZE)
  76              		.loc 1 88 5 view .LVU21
  77              		.loc 1 88 8 is_stmt 0 view .LVU22
  78 0024 042B     		cmp	r3, #4
  79 0026 F3D1     		bne	.L12
  89:../Drivers/STM32L4xx_HAL_Driver/Src/stm32l4xx_hal_spi_ex.c ****     {
  90:../Drivers/STM32L4xx_HAL_Driver/Src/stm32l4xx_hal_spi_ex.c ****       return HAL_TIMEOUT;
  80              		.loc 1 90 14 view .LVU23
ARM GAS  Build/stm32l4xx_hal_spi_ex.s 			page 4


  81 0028 0320     		movs	r0, #3
  82              	.LVL4:
  83              	.L3:
  91:../Drivers/STM32L4xx_HAL_Driver/Src/stm32l4xx_hal_spi_ex.c ****     }
  92:../Drivers/STM32L4xx_HAL_Driver/Src/stm32l4xx_hal_spi_ex.c ****   }
  93:../Drivers/STM32L4xx_HAL_Driver/Src/stm32l4xx_hal_spi_ex.c ****   return HAL_OK;
  94:../Drivers/STM32L4xx_HAL_Driver/Src/stm32l4xx_hal_spi_ex.c **** }
  84              		.loc 1 94 1 view .LVU24
  85 002a 02B0     		add	sp, sp, #8
  86              	.LCFI1:
  87              		.cfi_remember_state
  88              		.cfi_def_cfa_offset 0
  89              		@ sp needed
  90 002c 7047     		bx	lr
  91              	.LVL5:
  92              	.L11:
  93              	.LCFI2:
  94              		.cfi_restore_state
  93:../Drivers/STM32L4xx_HAL_Driver/Src/stm32l4xx_hal_spi_ex.c **** }
  95              		.loc 1 93 10 view .LVU25
  96 002e 0020     		movs	r0, #0
  97              	.LVL6:
  93:../Drivers/STM32L4xx_HAL_Driver/Src/stm32l4xx_hal_spi_ex.c **** }
  98              		.loc 1 93 10 view .LVU26
  99 0030 FBE7     		b	.L3
 100              	.LVL7:
 101              	.L10:
 102              	.LCFI3:
 103              		.cfi_def_cfa_offset 0
  93:../Drivers/STM32L4xx_HAL_Driver/Src/stm32l4xx_hal_spi_ex.c **** }
 104              		.loc 1 93 10 view .LVU27
 105 0032 0020     		movs	r0, #0
 106              	.LVL8:
 107              		.loc 1 94 1 view .LVU28
 108 0034 7047     		bx	lr
 109              		.cfi_endproc
 110              	.LFE74:
 112              		.text
 113              	.Letext0:
 114              		.file 2 "/home/emanuele/st/stm32cubeide_1.15.0/plugins/com.st.stm32cube.ide.mcu.externaltools.gnu-
 115              		.file 3 "/home/emanuele/st/stm32cubeide_1.15.0/plugins/com.st.stm32cube.ide.mcu.externaltools.gnu-
 116              		.file 4 "../Drivers/CMSIS/Device/ST/STM32L4xx/Include/stm32l475xx.h"
 117              		.file 5 "../Drivers/STM32L4xx_HAL_Driver/Inc/stm32l4xx_hal_def.h"
 118              		.file 6 "../Drivers/STM32L4xx_HAL_Driver/Inc/stm32l4xx_hal_dma.h"
 119              		.file 7 "../Drivers/STM32L4xx_HAL_Driver/Inc/stm32l4xx_hal_spi.h"
ARM GAS  Build/stm32l4xx_hal_spi_ex.s 			page 5


DEFINED SYMBOLS
                            *ABS*:00000000 stm32l4xx_hal_spi_ex.c
Build/stm32l4xx_hal_spi_ex.s:19     .text.HAL_SPIEx_FlushRxFifo:00000000 $t
Build/stm32l4xx_hal_spi_ex.s:25     .text.HAL_SPIEx_FlushRxFifo:00000000 HAL_SPIEx_FlushRxFifo

NO UNDEFINED SYMBOLS
